TN:
SF:index.js
FN:33,(anonymous_0)
FN:44,(anonymous_1)
FN:44,(anonymous_2)
FN:67,(anonymous_3)
FN:94,pullMessage
FN:147,(anonymous_5)
FN:210,(anonymous_6)
FN:220,(anonymous_7)
FN:237,(anonymous_8)
FN:272,(anonymous_9)
FN:287,(anonymous_10)
FN:315,buildPickRequest
FNF:12
FNH:8
FNDA:17,(anonymous_0)
FNDA:1,(anonymous_1)
FNDA:17,(anonymous_2)
FNDA:17,(anonymous_3)
FNDA:17,pullMessage
FNDA:0,(anonymous_5)
FNDA:0,(anonymous_6)
FNDA:0,(anonymous_7)
FNDA:0,(anonymous_8)
FNDA:1,(anonymous_9)
FNDA:1,(anonymous_10)
FNDA:4,buildPickRequest
DA:7,1
DA:8,1
DA:9,1
DA:10,1
DA:13,1
DA:15,1
DA:17,1
DA:19,1
DA:24,1
DA:26,1
DA:31,1
DA:33,1
DA:34,17
DA:36,17
DA:37,17
DA:38,12
DA:41,17
DA:44,1
DA:45,17
DA:46,0
DA:51,17
DA:53,17
DA:57,17
DA:61,17
DA:63,17
DA:68,17
DA:74,17
DA:75,17
DA:77,7
DA:78,7
DA:81,10
DA:83,10
DA:96,17
DA:97,17
DA:107,17
DA:108,16
DA:109,16
DA:111,16
DA:112,16
DA:116,10
DA:118,10
DA:120,10
DA:122,10
DA:123,1
DA:124,1
DA:128,1
DA:129,0
DA:134,1
DA:135,1
DA:137,1
DA:138,1
DA:142,1
DA:148,0
DA:154,1
DA:156,0
DA:162,9
DA:163,5
DA:164,5
DA:168,5
DA:169,0
DA:173,5
DA:174,4
DA:176,4
DA:177,4
DA:179,4
DA:204,4
DA:211,0
DA:214,4
DA:215,1
DA:217,1
DA:218,1
DA:221,0
DA:230,4
DA:234,2
DA:235,2
DA:238,0
DA:245,4
DA:250,8
DA:253,4
DA:257,4
DA:259,3
DA:266,3
DA:273,1
DA:276,2
DA:282,2
DA:288,1
DA:295,1
DA:303,9
DA:304,9
DA:317,4
DA:323,4
DA:324,4
DA:332,1
LF:93
LH:85
BRDA:19,0,0,1
BRDA:19,0,1,1
BRDA:19,0,2,0
BRDA:34,1,0,17
BRDA:34,1,1,0
BRDA:37,2,0,12
BRDA:37,2,1,5
BRDA:45,3,0,0
BRDA:45,3,1,17
BRDA:45,4,0,17
BRDA:45,4,1,17
BRDA:107,5,0,16
BRDA:107,5,1,1
BRDA:122,6,0,1
BRDA:122,6,1,9
BRDA:128,7,0,0
BRDA:128,7,1,1
BRDA:137,8,0,1
BRDA:137,8,1,0
BRDA:162,9,0,5
BRDA:162,9,1,4
BRDA:168,10,0,0
BRDA:168,10,1,5
BRDA:183,11,0,2
BRDA:183,11,1,2
BRDA:190,12,0,3
BRDA:190,12,1,1
BRDA:197,13,0,4
BRDA:197,13,1,0
BRDA:200,14,0,1
BRDA:200,14,1,3
BRDA:214,15,0,1
BRDA:214,15,1,3
BRDA:217,16,0,1
BRDA:217,16,1,0
BRDA:230,17,0,2
BRDA:230,17,1,2
BRDA:231,18,0,4
BRDA:231,18,1,3
BRDA:250,19,0,4
BRDA:250,19,1,4
BRDA:257,20,0,3
BRDA:257,20,1,1
BRF:43
BRH:35
end_of_record
